<?xml version="1.0" encoding="UTF-8"?>
<!-- Generated by org.testng.reporters.JUnitReportReporter -->
<testsuite skipped="0" hostname="hp-PC" name="Pom.pages.Shop_By_Category" tests="1" failures="0" timestamp="02 Feb 2019 09:16:27 GMT" time="1.511" errors="0">
  <testcase name="sByCategory" time="1.511" classname="Pom.pages.Shop_By_Category"/>
</testsuite> <!-- Pom.pages.Shop_By_Category -->
