<?xml version="1.0" encoding="UTF-8"?>
<!-- Generated by org.testng.reporters.JUnitReportReporter -->
<testsuite skipped="0" hostname="hp-PC" name="Pom.Test.TestDatabase" tests="1" failures="0" timestamp="05 Feb 2019 10:03:07 GMT" time="0.555" errors="0">
  <testcase name="getdata" time="0.555" classname="Pom.Test.TestDatabase"/>
</testsuite> <!-- Pom.Test.TestDatabase -->
