<?xml version="1.0" encoding="UTF-8"?>
<!-- Generated by org.testng.reporters.JUnitReportReporter -->
<testsuite skipped="0" hostname="hp-PC" name="Pom.pages.LoginPage" tests="1" failures="0" timestamp="31 Jan 2019 08:36:32 GMT" time="1.367" errors="0">
  <testcase name="createAccount" time="1.367" classname="Pom.pages.LoginPage"/>
</testsuite> <!-- Pom.pages.LoginPage -->
