<?xml version="1.0" encoding="UTF-8"?>
<!-- Generated by org.testng.reporters.JUnitReportReporter -->
<testsuite skipped="0" hostname="hp-PC" name="Pom.Test.TestRuner_Class" tests="1" failures="0" timestamp="31 Jan 2019 08:36:32 GMT" time="4.620" errors="0">
  <testcase name="createAccountTest" time="4.620" classname="Pom.Test.TestRuner_Class"/>
</testsuite> <!-- Pom.Test.TestRuner_Class -->
