<?xml version="1.0" encoding="UTF-8"?>
<!-- Generated by org.testng.reporters.JUnitReportReporter -->
<testsuite skipped="0" hostname="hp-PC" name="Pom.Test.Shop_By_catest" tests="2" failures="0" timestamp="07 Feb 2019 10:59:09 GMT" time="47.617" errors="0">
  <testcase name="verify_click_on_mobile_computer" time="31.636" classname="Pom.Test.Shop_By_catest"/>
  <testcase name="Click_On_detail" time="15.981" classname="Pom.Test.Shop_By_catest"/>
</testsuite> <!-- Pom.Test.Shop_By_catest -->
