<?xml version="1.0" encoding="UTF-8"?>
<!-- Generated by org.testng.reporters.JUnitReportReporter -->
<testsuite skipped="0" hostname="hp-PC" name="Pom.Test.HomepageTest" tests="3" failures="0" timestamp="08 Feb 2019 10:19:23 GMT" time="2.923" errors="0">
  <testcase name="homePageTitleTest" time="0.939" classname="Pom.Test.HomepageTest"/>
  <testcase name="verify_Your_Order" time="0.216" classname="Pom.Test.HomepageTest"/>
  <testcase name="verify_signin" time="1.768" classname="Pom.Test.HomepageTest"/>
</testsuite> <!-- Pom.Test.HomepageTest -->
